<?xml version="1.0" encoding="UTF-8"?>
<testng-results skipped="0" failed="0" total="2" passed="2">
  <reporter-output>
  </reporter-output>
  <suite name="Command line suite" duration-ms="15943" started-at="2019-05-26T12:00:32Z" finished-at="2019-05-26T12:00:48Z">
    <groups>
    </groups>
    <test name="Command line test" duration-ms="15943" started-at="2019-05-26T12:00:32Z" finished-at="2019-05-26T12:00:48Z">
      <class name="Test1">
        <test-method status="PASS" signature="StartBrowser_NavURL()[pri:0, instance:Test1@2ed94a8b]" name="StartBrowser_NavURL" is-config="true" duration-ms="4742" started-at="2019-05-26T17:30:32Z" finished-at="2019-05-26T17:30:37Z">
          <reporter-output>
          </reporter-output>
        </test-method> <!-- StartBrowser_NavURL -->
        <test-method status="PASS" signature="StartBrowser_NavURL()[pri:0, instance:Test2@1e67b872]" name="StartBrowser_NavURL" is-config="true" duration-ms="4213" started-at="2019-05-26T17:30:37Z" finished-at="2019-05-26T17:30:41Z">
          <reporter-output>
          </reporter-output>
        </test-method> <!-- StartBrowser_NavURL -->
        <test-method status="PASS" signature="testToCompareDoubles()[pri:0, instance:Test1@2ed94a8b]" name="testToCompareDoubles" duration-ms="2756" started-at="2019-05-26T17:30:41Z" finished-at="2019-05-26T17:30:44Z">
          <reporter-output>
          </reporter-output>
        </test-method> <!-- testToCompareDoubles -->
        <test-method status="PASS" signature="CloseBrowser()[pri:0, instance:Test1@2ed94a8b]" name="CloseBrowser" is-config="true" duration-ms="1159" started-at="2019-05-26T17:30:45Z" finished-at="2019-05-26T17:30:46Z">
          <reporter-output>
          </reporter-output>
        </test-method> <!-- CloseBrowser -->
        <test-method status="PASS" signature="CloseBrowser()[pri:0, instance:Test2@1e67b872]" name="CloseBrowser" is-config="true" duration-ms="1495" started-at="2019-05-26T17:30:46Z" finished-at="2019-05-26T17:30:48Z">
          <reporter-output>
          </reporter-output>
        </test-method> <!-- CloseBrowser -->
      </class> <!-- Test1 -->
      <class name="Test2">
        <test-method status="PASS" signature="testToCompareDoubles()[pri:0, instance:Test2@1e67b872]" name="testToCompareDoubles" duration-ms="1568" started-at="2019-05-26T17:30:44Z" finished-at="2019-05-26T17:30:45Z">
          <reporter-output>
          </reporter-output>
        </test-method> <!-- testToCompareDoubles -->
      </class> <!-- Test2 -->
    </test> <!-- Command line test -->
  </suite> <!-- Command line suite -->
</testng-results>
