<?xml version="1.0" encoding="UTF-8"?>
<testng-results skipped="0" failed="0" total="1" passed="1">
  <reporter-output>
  </reporter-output>
  <suite name="Command line suite" duration-ms="8355" started-at="2019-05-26T12:13:44Z" finished-at="2019-05-26T12:13:52Z">
    <groups>
    </groups>
    <test name="Command line test" duration-ms="8355" started-at="2019-05-26T12:13:44Z" finished-at="2019-05-26T12:13:52Z">
      <class name="Test2">
        <test-method status="PASS" signature="StartBrowser_NavURL()[pri:0, instance:Test2@7e0ea639]" name="StartBrowser_NavURL" is-config="true" duration-ms="5266" started-at="2019-05-26T17:43:44Z" finished-at="2019-05-26T17:43:49Z">
          <reporter-output>
          </reporter-output>
        </test-method> <!-- StartBrowser_NavURL -->
        <test-method status="PASS" signature="testToCompareDoubles()[pri:0, instance:Test2@7e0ea639]" name="testToCompareDoubles" duration-ms="1562" started-at="2019-05-26T17:43:49Z" finished-at="2019-05-26T17:43:51Z">
          <reporter-output>
          </reporter-output>
        </test-method> <!-- testToCompareDoubles -->
        <test-method status="PASS" signature="CloseBrowser()[pri:0, instance:Test2@7e0ea639]" name="CloseBrowser" is-config="true" duration-ms="1514" started-at="2019-05-26T17:43:51Z" finished-at="2019-05-26T17:43:52Z">
          <reporter-output>
          </reporter-output>
        </test-method> <!-- CloseBrowser -->
      </class> <!-- Test2 -->
    </test> <!-- Command line test -->
  </suite> <!-- Command line suite -->
</testng-results>
